
<!DOCTYPE html>
<html>


<head>
	<meta charset='utf-8' /> 
	<meta name='description' content='' />
	<meta name='robots' content='noodp, noydir' />
	<meta name='viewport' content='width=device-width, initial-scale=1' />
	<meta id="timeStampFormat" name="timeStampFormat" content='MMM d, yyyy hh:mm:ss a'/>
	
	<link href='https://fonts.googleapis.com/css?family=Source+Sans+Pro:400,600' rel='stylesheet' type='text/css' />
	<link href="https://fonts.googleapis.com/icon?family=Material+Icons" rel="stylesheet" />

		<link href='https://cdn.rawgit.com/anshooarora/extentreports-java/b4a58fcfd1e137bd9287244035a7c80d3d73b3af/dist/css/extent.css' type='text/css' rel='stylesheet' />
	
	<title>ExtentReports</title>

	<style type='text/css'>
	</style>
</head>

	<body class='extent standard default hide-overflow '>
		<div id='theme-selector' alt='Click to toggle theme. To enable by default, use theme configuration.' title='Click to toggle theme. To enable by default, use theme configuration.'>
			<span><i class='material-icons'>desktop_windows</i></span>
		</div>

<nav>
	<div class="nav-wrapper">
		<a href="#!" class="brand-logo blue darken-3">Extent</a>

		<!-- slideout menu -->
		<ul id='slide-out' class='side-nav fixed hide-on-med-and-down'>
			<li class='waves-effect active'><a href='#!' view='test-view' onclick="configureView(0);chartsView('test');"><i class='material-icons'>dashboard</i></a></li>
						<li class='waves-effect'><a href='#!' view='exception-view' onclick="configureView(2)"><i class='material-icons'>bug_report</i></a></li>
			<li class='waves-effect'><a href='#!' onclick="configureView(-1);chartsView('dashboard');" view='dashboard-view'><i class='material-icons'>track_changes</i></i></a></li>
		</ul>

		<!-- report name -->
		<span class='report-name'>ExtentReports</span>
		
		<!-- report headline -->
		<span class='report-headline'></span>

		<!-- nav-right -->
		<ul id='nav-mobile' class='right hide-on-med-and-down nav-right'>
			<li>
                <a href='#!'>
                    <span class='label suite-start-time blue darken-3'>Dec 13, 2018 12:34:52 PM</span>
				</a>
			</li>
			<li>
                <a href='#!'>
                    <span class='label blue darken-3'>3.1.5</span>
				</a>
			</li>
		</ul>
	</div>
</nav>

		<!-- container -->
		<div class='container'>

<div id='test-view' class='view'>
				
	<section id='controls'>
		<div class='controls grey lighten-4'>
			<!-- test toggle -->
			<div class='chip transparent'>
				<a class='dropdown-button tests-toggle' data-activates='tests-toggle' data-constrainwidth='true' data-beloworigin='true' data-hover='true' href='#'>
					<i class='material-icons'>warning</i> Status
				</a>
				<ul id='tests-toggle' class='dropdown-content'>
											<li status='pass'><a href='#!'>Pass <i class='material-icons green-text'>check_circle</i></a></li>
						<li status='fail'><a href='#!'>Fail <i class='material-icons red-text'>cancel</i></a></li>
					<li class='divider'></li>
					<li status='clear' clear='true'><a href='#!'>Clear Filters <i class='material-icons'>clear</i></a></li>
				</ul>
			</div>
			<!-- test toggle -->

			<!-- category toggle -->
			<!-- category toggle -->

			<!-- clear filters -->
			<div class='chip transparent hide'>
				<a class='' id='clear-filters' alt='Clear Filters' title='Clear Filters'>
					<i class='material-icons'>close</i> Clear
				</a>
			</div>
			<!-- clear filters -->

			<!-- enable dashboard -->
			<div id='toggle-test-view-charts' class='chip transparent'>
				<a class='pink-text' id='enable-dashboard' alt='Enable Dashboard' title='Enable Dashboard'>
					<i class='material-icons'>track_changes</i> Dashboard
				</a>
			</div>
			<!-- enable dashboard -->

			<!-- search -->
			<div class='chip transparent' alt='Search Tests' title='Search Tests'>
				<a href="#" class='search-div'>
					<i class='material-icons'>search</i> Search
				</a>

				<div class='input-field left hide'>
					<input id='search-tests' type='text' class='validate browser-default' placeholder='Search Tests...'>
				</div>
				
			</div>
			<!-- search -->
		</div>
	</section>


<div id='test-view-charts' class='subview-full'>
	<div id='charts-row' class='row nm-v nm-h'>
		<div class='col s12 m6 l6 np-h'>
			<div class='card-panel nm-v'>
				<div class='left panel-name'>Tests</div>
				<div class='chart-box'>
					<canvas id='parent-analysis' width='100' height='80'></canvas>
				</div>
				<div class='block text-small'>
					<span class='tooltipped' data-position='top' data-tooltip='16.667%'><span class='strong'>1</span> test(s) passed</span>
				</div>
				<div class='block text-small'>
					<span class='strong tooltipped' data-position='top' data-tooltip='83.333%'>5</span> test(s) failed, <span class='strong tooltipped' data-position='top' data-tooltip='0%'>0</span> others
				</div>
			</div>
		</div>
		
		<div class='col s12 m6 l6 np-h'>
			<div class='card-panel nm-v'>
				<div class='left panel-name'>Steps</div>
				<div class='chart-box'>
					<canvas id='child-analysis' width='100' height='80'></canvas>
				</div>
				<div class='block text-small'>
					<span class='tooltipped' data-position='top' data-tooltip='0%'><span class='strong'>0</span> step(s) passed</span>
				</div>
				<div class='block text-small'>
					<span class='strong tooltipped' data-position='top' data-tooltip='20%'>10</span> step(s) failed, <span class='strong tooltipped' data-position='top' data-tooltip='80%'>40</span> others
				</div>
			</div>
		</div>
		
	</div>
</div>

	<div class='subview-left left'>
		
		<div class='view-summary'>
			<h5>Tests</h5>
			<ul id='test-collection' class='test-collection'>
				
				
				<li class='test displayed active  pass' status='pass' bdd='false' test-id='1'>
					<div class='test-heading'>
						<span class='test-name'>Log in</span>
						<span class='test-time'>Dec 13, 2018 12:34:52 PM</span>
						<span class='test-status right pass'>pass</span>
					</div>
					<div class='test-content hide'>
<div class='test-time-info'>
	<span class='label start-time'>Dec 13, 2018 12:34:52 PM</span>
	<span class='label end-time'>Dec 13, 2018 12:35:13 PM</span>
	<span class='label time-taken grey lighten-1 white-text'>0h 0m 21s+7ms</span>
</div>
	<div class='test-steps'>
		<table class='bordered table-results'>
			<thead>
				<tr>
					<th>Status</th>
					<th>Timestamp</th>
					<th>Details</th>
				</tr>
			</thead>
			<tbody>
				<tr class='log' status='info'>
					<td class='status info' title='info' alt='info'><i class='material-icons'>info_outline</i></td>
					<td class='timestamp'>12:35:13 PM</td>
					<td class='step-details'>Entered AUX_arshadm</td>
				</tr>
				<tr class='log' status='info'>
					<td class='status info' title='info' alt='info'><i class='material-icons'>info_outline</i></td>
					<td class='timestamp'>12:35:13 PM</td>
					<td class='step-details'>Entered 954385AzIT</td>
				</tr>
				<tr class='log' status='info'>
					<td class='status info' title='info' alt='info'><i class='material-icons'>info_outline</i></td>
					<td class='timestamp'>12:35:13 PM</td>
					<td class='step-details'>Clicked: By.xpath: //*[@id="loginform"]/div[3]/div[2]/div/button</td>
				</tr>
			</tbody>
		</table>
	</div>
					</div>
				</li>
				
				
				<li class='test displayed active  fail' status='fail' bdd='false' test-id='2'>
					<div class='test-heading'>
						<span class='test-name'>Create quotation with customer: 0</span>
						<span class='test-time'>Dec 13, 2018 12:35:13 PM</span>
						<span class='test-status right fail'>fail</span>
					</div>
					<div class='test-content hide'>
<div class='test-time-info'>
	<span class='label start-time'>Dec 13, 2018 12:35:13 PM</span>
	<span class='label end-time'>Dec 13, 2018 12:35:42 PM</span>
	<span class='label time-taken grey lighten-1 white-text'>0h 0m 28s+891ms</span>
</div>
	<div class='test-steps'>
		<table class='bordered table-results'>
			<thead>
				<tr>
					<th>Status</th>
					<th>Timestamp</th>
					<th>Details</th>
				</tr>
			</thead>
			<tbody>
				<tr class='log' status='info'>
					<td class='status info' title='info' alt='info'><i class='material-icons'>info_outline</i></td>
					<td class='timestamp'>12:35:29 PM</td>
					<td class='step-details'>Clicked: By.linkText: Quotations</td>
				</tr>
				<tr class='log' status='info'>
					<td class='status info' title='info' alt='info'><i class='material-icons'>info_outline</i></td>
					<td class='timestamp'>12:35:29 PM</td>
					<td class='step-details'>Clicked: By.linkText: Create Quotation</td>
				</tr>
				<tr class='log' status='info'>
					<td class='status info' title='info' alt='info'><i class='material-icons'>info_outline</i></td>
					<td class='timestamp'>12:35:30 PM</td>
					<td class='step-details'>Selected:            ---Select Customer---
           Individual
           Company</td>
				</tr>
				<tr class='log' status='info'>
					<td class='status info' title='info' alt='info'><i class='material-icons'>info_outline</i></td>
					<td class='timestamp'>12:35:30 PM</td>
					<td class='step-details'>Selected Individual</td>
				</tr>
				<tr class='log' status='info'>
					<td class='status info' title='info' alt='info'><i class='material-icons'>info_outline</i></td>
					<td class='timestamp'>12:35:31 PM</td>
					<td class='step-details'>Selected:            ---Marketer Code---
           
           A001-Default-[I01-0001022,S13-0000436]
           
           F884-Shihara-[I01-0003150,S01-0003149]
           
           G145-W C N-[I01-0000154,S01-0000153]
           
           G174-S D Chadisa-[I01-0000142,S01-0000140]
           
           M001--[I01-0003255,S01-0003239]
           
           M061-Dicman-[I01-0000333,S01-0000332]
           
           M116-Malith-[I01-0000941,S01-0000940]
           
           M140-Rumesh Maduranga-[I01-0000086,S01-0000081]
           
           M169-Thushara-[I01-0000953,S01-0000952]
           
           M227-Rajapaksha-[I01-0000337,S01-0000335]
           
           M263-Tharindu-[I01-0000977,S01-0000976]
           
           M270-T K W W-[I01-0000124,S01-0000117]
           
           M303-C L D-[I01-0001009,S01-0001006]
           
           M338-Sanath-[I01-0001072,S01-0001070]
           
           M357-Nishantha Bandara-[I01-0000179,S01-0000178]
           
           M403-Abdeen-[I01-0000340,S01-0000338]
           
           M418-M M D A?Premesh-[I01-0001629,S01-0001627]
           
           M473-Susila-[I01-0000181,S01-0000180]
           
           M475-R P K L Eresha-[I01-0001641,S01-0001640]
           
           M535-Indrajith Kumara-[I01-0000068,S01-0000060]
           
           M594-B M Lashantha-[I01-0000131,S01-0000125]
           
           M595-P M ASITHA-[I01-0001741,S01-0001739]
           
           M691-E M LASANTHA-[I01-0001862,S01-0001859]
           
           M708-U A SANDEEPA-[I01-0002094,S01-0002090]
           
           M776-D S-[I01-0002211,S01-0002210]
           
           N460-Rushan Udayakumara  Prabath-[I01-0003452,S01-0003451]
           
           N466-Thushara Premakeerthi-[I01-0000991,S01-0000990]
           
           N469-Shamil Indika-[I01-0001010,S01-0001008]
           
           N515-M M Rifayis-[I01-0003492,S01-0003491]
           
           N518-Ravindu-[I01-0003329,S01-0003327]
           
           N519-Menaka-[I01-0003331,S01-0003330]
           
           N520-Primal-[I01-0003334,S01-0003332]
           
           N521-Uditha-[I01-0003337,S01-0003336]
           
           T219-Tested -[I01-0000257,S01-0000253]
           
           T220-Prepod-[I01-0000257,S01-0000253]
           
           T221-Preprod-[I01-0000340,S01-0000339]
           
           Y109- Danuka Sampat-[I01-0003182,S01-0003181]
           
           Y295-M D Tharanga Podimanike-[I01-0003180,S01-0003179]
           
           Y296-K M D Tharanga Pubudini-[I01-0003152,S01-0003151]
           
           Y299-R.T.D-[I01-0003019,S01-0003018]</td>
				</tr>
				<tr class='log' status='fail'>
					<td class='status fail' title='fail' alt='fail'><i class='material-icons'>cancel</i></td>
					<td class='timestamp'>12:35:32 PM</td>
					<td class='step-details'><span class='label white-text red'>test_create_quotation_with_customer_details Test case failed for count:1</span></td>
				</tr>
				<tr class='log' status='fail'>
					<td class='status fail' title='fail' alt='fail'><i class='material-icons'>cancel</i></td>
					<td class='timestamp'>12:35:32 PM</td>
					<td class='step-details'><pre>org.openqa.selenium.NoSuchElementException: Cannot locate element with text: T221-Preprod
For documentation on this error, please visit: http://seleniumhq.org/exceptions/no_such_element.html
Build info: version: '3.13.0', revision: '2f0d292', time: '2018-06-25T15:24:21.231Z'
System info: host: 'AZ1400BATIGENOS', ip: '10.71.65.164', os.name: 'Windows 7', os.arch: 'amd64', os.version: '6.1', java.version: '1.8.0_101'
Driver info: driver.version: unknown
	at lk.allianz.emotor.base.EmotorBasePage.tearDown(EmotorBasePage.java:110)
	at sun.reflect.NativeMethodAccessorImpl.invoke0(Native Method)
	at sun.reflect.NativeMethodAccessorImpl.invoke(Unknown Source)
	at sun.reflect.DelegatingMethodAccessorImpl.invoke(Unknown Source)
	at java.lang.reflect.Method.invoke(Unknown Source)
	at org.testng.internal.MethodInvocationHelper.invokeMethod(MethodInvocationHelper.java:124)
	at org.testng.internal.MethodInvocationHelper.invokeMethodConsideringTimeout(MethodInvocationHelper.java:59)
	at org.testng.internal.Invoker.invokeConfigurationMethod(Invoker.java:455)
	at org.testng.internal.Invoker.invokeConfigurations(Invoker.java:222)
	at org.testng.internal.Invoker.invokeMethod(Invoker.java:643)
	at org.testng.internal.Invoker.invokeTestMethod(Invoker.java:716)
	at org.testng.internal.Invoker.invokeTestMethods(Invoker.java:988)
	at org.testng.internal.TestMethodWorker.invokeTestMethods(TestMethodWorker.java:125)
	at org.testng.internal.TestMethodWorker.run(TestMethodWorker.java:109)
	at org.testng.TestRunner.privateRun(TestRunner.java:648)
	at org.testng.TestRunner.run(TestRunner.java:505)
	at org.testng.SuiteRunner.runTest(SuiteRunner.java:455)
	at org.testng.SuiteRunner.runSequentially(SuiteRunner.java:450)
	at org.testng.SuiteRunner.privateRun(SuiteRunner.java:415)
	at org.testng.SuiteRunner.run(SuiteRunner.java:364)
	at org.testng.SuiteRunnerWorker.runSuite(SuiteRunnerWorker.java:52)
	at org.testng.SuiteRunnerWorker.run(SuiteRunnerWorker.java:84)
	at org.testng.TestNG.runSuitesSequentially(TestNG.java:1208)
	at org.testng.TestNG.runSuitesLocally(TestNG.java:1137)
	at org.testng.TestNG.runSuites(TestNG.java:1049)
	at org.testng.TestNG.run(TestNG.java:1017)
	at org.testng.remote.AbstractRemoteTestNG.run(AbstractRemoteTestNG.java:114)
	at org.testng.remote.RemoteTestNG.initAndRun(RemoteTestNG.java:251)
	at org.testng.remote.RemoteTestNG.main(RemoteTestNG.java:77)
</pre><img data-featherlight='C:\Users\AUX_ArshadM\eclipse-workspace\Emotor_Allianz/Screenshot/1544684732256.png' width='10%' src='C:\Users\AUX_ArshadM\eclipse-workspace\Emotor_Allianz/Screenshot/1544684732256.png' data-src='C:\Users\AUX_ArshadM\eclipse-workspace\Emotor_Allianz/Screenshot/1544684732256.png'></td>
				</tr>
				<tr class='log' status='info'>
					<td class='status info' title='info' alt='info'><i class='material-icons'>info_outline</i></td>
					<td class='timestamp'>12:35:42 PM</td>
					<td class='step-details'>Entered AUX_arshadm</td>
				</tr>
				<tr class='log' status='info'>
					<td class='status info' title='info' alt='info'><i class='material-icons'>info_outline</i></td>
					<td class='timestamp'>12:35:42 PM</td>
					<td class='step-details'>Entered 954385AzIT</td>
				</tr>
				<tr class='log' status='info'>
					<td class='status info' title='info' alt='info'><i class='material-icons'>info_outline</i></td>
					<td class='timestamp'>12:35:42 PM</td>
					<td class='step-details'>Clicked: By.xpath: //*[@id="loginform"]/div[3]/div[2]/div/button</td>
				</tr>
			</tbody>
		</table>
	</div>
					</div>
				</li>
				
				
				<li class='test displayed active  fail' status='fail' bdd='false' test-id='3'>
					<div class='test-heading'>
						<span class='test-name'>Create quotation with customer: 1</span>
						<span class='test-time'>Dec 13, 2018 12:35:42 PM</span>
						<span class='test-status right fail'>fail</span>
					</div>
					<div class='test-content hide'>
<div class='test-time-info'>
	<span class='label start-time'>Dec 13, 2018 12:35:42 PM</span>
	<span class='label end-time'>Dec 13, 2018 12:36:06 PM</span>
	<span class='label time-taken grey lighten-1 white-text'>0h 0m 24s+11ms</span>
</div>
	<div class='test-steps'>
		<table class='bordered table-results'>
			<thead>
				<tr>
					<th>Status</th>
					<th>Timestamp</th>
					<th>Details</th>
				</tr>
			</thead>
			<tbody>
				<tr class='log' status='info'>
					<td class='status info' title='info' alt='info'><i class='material-icons'>info_outline</i></td>
					<td class='timestamp'>12:35:58 PM</td>
					<td class='step-details'>Clicked: By.linkText: Quotations</td>
				</tr>
				<tr class='log' status='info'>
					<td class='status info' title='info' alt='info'><i class='material-icons'>info_outline</i></td>
					<td class='timestamp'>12:35:58 PM</td>
					<td class='step-details'>Clicked: By.linkText: Create Quotation</td>
				</tr>
				<tr class='log' status='info'>
					<td class='status info' title='info' alt='info'><i class='material-icons'>info_outline</i></td>
					<td class='timestamp'>12:35:58 PM</td>
					<td class='step-details'>Selected:            ---Select Customer---
           Individual
           Company</td>
				</tr>
				<tr class='log' status='info'>
					<td class='status info' title='info' alt='info'><i class='material-icons'>info_outline</i></td>
					<td class='timestamp'>12:35:59 PM</td>
					<td class='step-details'>Selected Individual</td>
				</tr>
				<tr class='log' status='info'>
					<td class='status info' title='info' alt='info'><i class='material-icons'>info_outline</i></td>
					<td class='timestamp'>12:35:59 PM</td>
					<td class='step-details'>Selected:            ---Marketer Code---
           
           A001-Default-[I01-0001022,S13-0000436]
           
           F884-Shihara-[I01-0003150,S01-0003149]
           
           G145-W C N-[I01-0000154,S01-0000153]
           
           G174-S D Chadisa-[I01-0000142,S01-0000140]
           
           M001--[I01-0003255,S01-0003239]
           
           M061-Dicman-[I01-0000333,S01-0000332]
           
           M116-Malith-[I01-0000941,S01-0000940]
           
           M140-Rumesh Maduranga-[I01-0000086,S01-0000081]
           
           M169-Thushara-[I01-0000953,S01-0000952]
           
           M227-Rajapaksha-[I01-0000337,S01-0000335]
           
           M263-Tharindu-[I01-0000977,S01-0000976]
           
           M270-T K W W-[I01-0000124,S01-0000117]
           
           M303-C L D-[I01-0001009,S01-0001006]
           
           M338-Sanath-[I01-0001072,S01-0001070]
           
           M357-Nishantha Bandara-[I01-0000179,S01-0000178]
           
           M403-Abdeen-[I01-0000340,S01-0000338]
           
           M418-M M D A?Premesh-[I01-0001629,S01-0001627]
           
           M473-Susila-[I01-0000181,S01-0000180]
           
           M475-R P K L Eresha-[I01-0001641,S01-0001640]
           
           M535-Indrajith Kumara-[I01-0000068,S01-0000060]
           
           M594-B M Lashantha-[I01-0000131,S01-0000125]
           
           M595-P M ASITHA-[I01-0001741,S01-0001739]
           
           M691-E M LASANTHA-[I01-0001862,S01-0001859]
           
           M708-U A SANDEEPA-[I01-0002094,S01-0002090]
           
           M776-D S-[I01-0002211,S01-0002210]
           
           N460-Rushan Udayakumara  Prabath-[I01-0003452,S01-0003451]
           
           N466-Thushara Premakeerthi-[I01-0000991,S01-0000990]
           
           N469-Shamil Indika-[I01-0001010,S01-0001008]
           
           N515-M M Rifayis-[I01-0003492,S01-0003491]
           
           N518-Ravindu-[I01-0003329,S01-0003327]
           
           N519-Menaka-[I01-0003331,S01-0003330]
           
           N520-Primal-[I01-0003334,S01-0003332]
           
           N521-Uditha-[I01-0003337,S01-0003336]
           
           T219-Tested -[I01-0000257,S01-0000253]
           
           T220-Prepod-[I01-0000257,S01-0000253]
           
           T221-Preprod-[I01-0000340,S01-0000339]
           
           Y109- Danuka Sampat-[I01-0003182,S01-0003181]
           
           Y295-M D Tharanga Podimanike-[I01-0003180,S01-0003179]
           
           Y296-K M D Tharanga Pubudini-[I01-0003152,S01-0003151]
           
           Y299-R.T.D-[I01-0003019,S01-0003018]</td>
				</tr>
				<tr class='log' status='fail'>
					<td class='status fail' title='fail' alt='fail'><i class='material-icons'>cancel</i></td>
					<td class='timestamp'>12:35:59 PM</td>
					<td class='step-details'><span class='label white-text red'>test_create_quotation_with_customer_details Test case failed for count:2</span></td>
				</tr>
				<tr class='log' status='fail'>
					<td class='status fail' title='fail' alt='fail'><i class='material-icons'>cancel</i></td>
					<td class='timestamp'>12:35:59 PM</td>
					<td class='step-details'><pre>org.openqa.selenium.NoSuchElementException: Cannot locate element with text: T221-Preprod
For documentation on this error, please visit: http://seleniumhq.org/exceptions/no_such_element.html
Build info: version: '3.13.0', revision: '2f0d292', time: '2018-06-25T15:24:21.231Z'
System info: host: 'AZ1400BATIGENOS', ip: '10.71.65.164', os.name: 'Windows 7', os.arch: 'amd64', os.version: '6.1', java.version: '1.8.0_101'
Driver info: driver.version: unknown
	at lk.allianz.emotor.base.EmotorBasePage.tearDown(EmotorBasePage.java:110)
	at sun.reflect.NativeMethodAccessorImpl.invoke0(Native Method)
	at sun.reflect.NativeMethodAccessorImpl.invoke(Unknown Source)
	at sun.reflect.DelegatingMethodAccessorImpl.invoke(Unknown Source)
	at java.lang.reflect.Method.invoke(Unknown Source)
	at org.testng.internal.MethodInvocationHelper.invokeMethod(MethodInvocationHelper.java:124)
	at org.testng.internal.MethodInvocationHelper.invokeMethodConsideringTimeout(MethodInvocationHelper.java:59)
	at org.testng.internal.Invoker.invokeConfigurationMethod(Invoker.java:455)
	at org.testng.internal.Invoker.invokeConfigurations(Invoker.java:222)
	at org.testng.internal.Invoker.invokeMethod(Invoker.java:643)
	at org.testng.internal.Invoker.invokeTestMethod(Invoker.java:716)
	at org.testng.internal.Invoker.invokeTestMethods(Invoker.java:988)
	at org.testng.internal.TestMethodWorker.invokeTestMethods(TestMethodWorker.java:125)
	at org.testng.internal.TestMethodWorker.run(TestMethodWorker.java:109)
	at org.testng.TestRunner.privateRun(TestRunner.java:648)
	at org.testng.TestRunner.run(TestRunner.java:505)
	at org.testng.SuiteRunner.runTest(SuiteRunner.java:455)
	at org.testng.SuiteRunner.runSequentially(SuiteRunner.java:450)
	at org.testng.SuiteRunner.privateRun(SuiteRunner.java:415)
	at org.testng.SuiteRunner.run(SuiteRunner.java:364)
	at org.testng.SuiteRunnerWorker.runSuite(SuiteRunnerWorker.java:52)
	at org.testng.SuiteRunnerWorker.run(SuiteRunnerWorker.java:84)
	at org.testng.TestNG.runSuitesSequentially(TestNG.java:1208)
	at org.testng.TestNG.runSuitesLocally(TestNG.java:1137)
	at org.testng.TestNG.runSuites(TestNG.java:1049)
	at org.testng.TestNG.run(TestNG.java:1017)
	at org.testng.remote.AbstractRemoteTestNG.run(AbstractRemoteTestNG.java:114)
	at org.testng.remote.RemoteTestNG.initAndRun(RemoteTestNG.java:251)
	at org.testng.remote.RemoteTestNG.main(RemoteTestNG.java:77)
</pre><img data-featherlight='C:\Users\AUX_ArshadM\eclipse-workspace\Emotor_Allianz/Screenshot/1544684759825.png' width='10%' src='C:\Users\AUX_ArshadM\eclipse-workspace\Emotor_Allianz/Screenshot/1544684759825.png' data-src='C:\Users\AUX_ArshadM\eclipse-workspace\Emotor_Allianz/Screenshot/1544684759825.png'></td>
				</tr>
				<tr class='log' status='info'>
					<td class='status info' title='info' alt='info'><i class='material-icons'>info_outline</i></td>
					<td class='timestamp'>12:36:06 PM</td>
					<td class='step-details'>Entered AUX_arshadm</td>
				</tr>
				<tr class='log' status='info'>
					<td class='status info' title='info' alt='info'><i class='material-icons'>info_outline</i></td>
					<td class='timestamp'>12:36:06 PM</td>
					<td class='step-details'>Entered 954385AzIT</td>
				</tr>
				<tr class='log' status='info'>
					<td class='status info' title='info' alt='info'><i class='material-icons'>info_outline</i></td>
					<td class='timestamp'>12:36:06 PM</td>
					<td class='step-details'>Clicked: By.xpath: //*[@id="loginform"]/div[3]/div[2]/div/button</td>
				</tr>
			</tbody>
		</table>
	</div>
					</div>
				</li>
				
				
				<li class='test displayed active  fail' status='fail' bdd='false' test-id='4'>
					<div class='test-heading'>
						<span class='test-name'>Create quotation with customer: 2</span>
						<span class='test-time'>Dec 13, 2018 12:36:06 PM</span>
						<span class='test-status right fail'>fail</span>
					</div>
					<div class='test-content hide'>
<div class='test-time-info'>
	<span class='label start-time'>Dec 13, 2018 12:36:06 PM</span>
	<span class='label end-time'>Dec 13, 2018 12:36:30 PM</span>
	<span class='label time-taken grey lighten-1 white-text'>0h 0m 24s+70ms</span>
</div>
	<div class='test-steps'>
		<table class='bordered table-results'>
			<thead>
				<tr>
					<th>Status</th>
					<th>Timestamp</th>
					<th>Details</th>
				</tr>
			</thead>
			<tbody>
				<tr class='log' status='info'>
					<td class='status info' title='info' alt='info'><i class='material-icons'>info_outline</i></td>
					<td class='timestamp'>12:36:22 PM</td>
					<td class='step-details'>Clicked: By.linkText: Quotations</td>
				</tr>
				<tr class='log' status='info'>
					<td class='status info' title='info' alt='info'><i class='material-icons'>info_outline</i></td>
					<td class='timestamp'>12:36:22 PM</td>
					<td class='step-details'>Clicked: By.linkText: Create Quotation</td>
				</tr>
				<tr class='log' status='info'>
					<td class='status info' title='info' alt='info'><i class='material-icons'>info_outline</i></td>
					<td class='timestamp'>12:36:23 PM</td>
					<td class='step-details'>Selected:            ---Select Customer---
           Individual
           Company</td>
				</tr>
				<tr class='log' status='info'>
					<td class='status info' title='info' alt='info'><i class='material-icons'>info_outline</i></td>
					<td class='timestamp'>12:36:23 PM</td>
					<td class='step-details'>Selected Individual</td>
				</tr>
				<tr class='log' status='info'>
					<td class='status info' title='info' alt='info'><i class='material-icons'>info_outline</i></td>
					<td class='timestamp'>12:36:23 PM</td>
					<td class='step-details'>Selected:            ---Marketer Code---
           
           A001-Default-[I01-0001022,S13-0000436]
           
           F884-Shihara-[I01-0003150,S01-0003149]
           
           G145-W C N-[I01-0000154,S01-0000153]
           
           G174-S D Chadisa-[I01-0000142,S01-0000140]
           
           M001--[I01-0003255,S01-0003239]
           
           M061-Dicman-[I01-0000333,S01-0000332]
           
           M116-Malith-[I01-0000941,S01-0000940]
           
           M140-Rumesh Maduranga-[I01-0000086,S01-0000081]
           
           M169-Thushara-[I01-0000953,S01-0000952]
           
           M227-Rajapaksha-[I01-0000337,S01-0000335]
           
           M263-Tharindu-[I01-0000977,S01-0000976]
           
           M270-T K W W-[I01-0000124,S01-0000117]
           
           M303-C L D-[I01-0001009,S01-0001006]
           
           M338-Sanath-[I01-0001072,S01-0001070]
           
           M357-Nishantha Bandara-[I01-0000179,S01-0000178]
           
           M403-Abdeen-[I01-0000340,S01-0000338]
           
           M418-M M D A?Premesh-[I01-0001629,S01-0001627]
           
           M473-Susila-[I01-0000181,S01-0000180]
           
           M475-R P K L Eresha-[I01-0001641,S01-0001640]
           
           M535-Indrajith Kumara-[I01-0000068,S01-0000060]
           
           M594-B M Lashantha-[I01-0000131,S01-0000125]
           
           M595-P M ASITHA-[I01-0001741,S01-0001739]
           
           M691-E M LASANTHA-[I01-0001862,S01-0001859]
           
           M708-U A SANDEEPA-[I01-0002094,S01-0002090]
           
           M776-D S-[I01-0002211,S01-0002210]
           
           N460-Rushan Udayakumara  Prabath-[I01-0003452,S01-0003451]
           
           N466-Thushara Premakeerthi-[I01-0000991,S01-0000990]
           
           N469-Shamil Indika-[I01-0001010,S01-0001008]
           
           N515-M M Rifayis-[I01-0003492,S01-0003491]
           
           N518-Ravindu-[I01-0003329,S01-0003327]
           
           N519-Menaka-[I01-0003331,S01-0003330]
           
           N520-Primal-[I01-0003334,S01-0003332]
           
           N521-Uditha-[I01-0003337,S01-0003336]
           
           T219-Tested -[I01-0000257,S01-0000253]
           
           T220-Prepod-[I01-0000257,S01-0000253]
           
           T221-Preprod-[I01-0000340,S01-0000339]
           
           Y109- Danuka Sampat-[I01-0003182,S01-0003181]
           
           Y295-M D Tharanga Podimanike-[I01-0003180,S01-0003179]
           
           Y296-K M D Tharanga Pubudini-[I01-0003152,S01-0003151]
           
           Y299-R.T.D-[I01-0003019,S01-0003018]</td>
				</tr>
				<tr class='log' status='fail'>
					<td class='status fail' title='fail' alt='fail'><i class='material-icons'>cancel</i></td>
					<td class='timestamp'>12:36:23 PM</td>
					<td class='step-details'><span class='label white-text red'>test_create_quotation_with_customer_details Test case failed for count:3</span></td>
				</tr>
				<tr class='log' status='fail'>
					<td class='status fail' title='fail' alt='fail'><i class='material-icons'>cancel</i></td>
					<td class='timestamp'>12:36:23 PM</td>
					<td class='step-details'><pre>org.openqa.selenium.NoSuchElementException: Cannot locate element with text: T221-Preprod
For documentation on this error, please visit: http://seleniumhq.org/exceptions/no_such_element.html
Build info: version: '3.13.0', revision: '2f0d292', time: '2018-06-25T15:24:21.231Z'
System info: host: 'AZ1400BATIGENOS', ip: '10.71.65.164', os.name: 'Windows 7', os.arch: 'amd64', os.version: '6.1', java.version: '1.8.0_101'
Driver info: driver.version: unknown
	at lk.allianz.emotor.base.EmotorBasePage.tearDown(EmotorBasePage.java:110)
	at sun.reflect.NativeMethodAccessorImpl.invoke0(Native Method)
	at sun.reflect.NativeMethodAccessorImpl.invoke(Unknown Source)
	at sun.reflect.DelegatingMethodAccessorImpl.invoke(Unknown Source)
	at java.lang.reflect.Method.invoke(Unknown Source)
	at org.testng.internal.MethodInvocationHelper.invokeMethod(MethodInvocationHelper.java:124)
	at org.testng.internal.MethodInvocationHelper.invokeMethodConsideringTimeout(MethodInvocationHelper.java:59)
	at org.testng.internal.Invoker.invokeConfigurationMethod(Invoker.java:455)
	at org.testng.internal.Invoker.invokeConfigurations(Invoker.java:222)
	at org.testng.internal.Invoker.invokeMethod(Invoker.java:643)
	at org.testng.internal.Invoker.invokeTestMethod(Invoker.java:716)
	at org.testng.internal.Invoker.invokeTestMethods(Invoker.java:988)
	at org.testng.internal.TestMethodWorker.invokeTestMethods(TestMethodWorker.java:125)
	at org.testng.internal.TestMethodWorker.run(TestMethodWorker.java:109)
	at org.testng.TestRunner.privateRun(TestRunner.java:648)
	at org.testng.TestRunner.run(TestRunner.java:505)
	at org.testng.SuiteRunner.runTest(SuiteRunner.java:455)
	at org.testng.SuiteRunner.runSequentially(SuiteRunner.java:450)
	at org.testng.SuiteRunner.privateRun(SuiteRunner.java:415)
	at org.testng.SuiteRunner.run(SuiteRunner.java:364)
	at org.testng.SuiteRunnerWorker.runSuite(SuiteRunnerWorker.java:52)
	at org.testng.SuiteRunnerWorker.run(SuiteRunnerWorker.java:84)
	at org.testng.TestNG.runSuitesSequentially(TestNG.java:1208)
	at org.testng.TestNG.runSuitesLocally(TestNG.java:1137)
	at org.testng.TestNG.runSuites(TestNG.java:1049)
	at org.testng.TestNG.run(TestNG.java:1017)
	at org.testng.remote.AbstractRemoteTestNG.run(AbstractRemoteTestNG.java:114)
	at org.testng.remote.RemoteTestNG.initAndRun(RemoteTestNG.java:251)
	at org.testng.remote.RemoteTestNG.main(RemoteTestNG.java:77)
</pre><img data-featherlight='C:\Users\AUX_ArshadM\eclipse-workspace\Emotor_Allianz/Screenshot/1544684783902.png' width='10%' src='C:\Users\AUX_ArshadM\eclipse-workspace\Emotor_Allianz/Screenshot/1544684783902.png' data-src='C:\Users\AUX_ArshadM\eclipse-workspace\Emotor_Allianz/Screenshot/1544684783902.png'></td>
				</tr>
				<tr class='log' status='info'>
					<td class='status info' title='info' alt='info'><i class='material-icons'>info_outline</i></td>
					<td class='timestamp'>12:36:30 PM</td>
					<td class='step-details'>Entered AUX_arshadm</td>
				</tr>
				<tr class='log' status='info'>
					<td class='status info' title='info' alt='info'><i class='material-icons'>info_outline</i></td>
					<td class='timestamp'>12:36:30 PM</td>
					<td class='step-details'>Entered 954385AzIT</td>
				</tr>
				<tr class='log' status='info'>
					<td class='status info' title='info' alt='info'><i class='material-icons'>info_outline</i></td>
					<td class='timestamp'>12:36:30 PM</td>
					<td class='step-details'>Clicked: By.xpath: //*[@id="loginform"]/div[3]/div[2]/div/button</td>
				</tr>
			</tbody>
		</table>
	</div>
					</div>
				</li>
				
				
				<li class='test displayed active  fail' status='fail' bdd='false' test-id='5'>
					<div class='test-heading'>
						<span class='test-name'>Create quotation with customer: 3</span>
						<span class='test-time'>Dec 13, 2018 12:36:30 PM</span>
						<span class='test-status right fail'>fail</span>
					</div>
					<div class='test-content hide'>
<div class='test-time-info'>
	<span class='label start-time'>Dec 13, 2018 12:36:30 PM</span>
	<span class='label end-time'>Dec 13, 2018 12:36:54 PM</span>
	<span class='label time-taken grey lighten-1 white-text'>0h 0m 23s+858ms</span>
</div>
	<div class='test-steps'>
		<table class='bordered table-results'>
			<thead>
				<tr>
					<th>Status</th>
					<th>Timestamp</th>
					<th>Details</th>
				</tr>
			</thead>
			<tbody>
				<tr class='log' status='info'>
					<td class='status info' title='info' alt='info'><i class='material-icons'>info_outline</i></td>
					<td class='timestamp'>12:36:46 PM</td>
					<td class='step-details'>Clicked: By.linkText: Quotations</td>
				</tr>
				<tr class='log' status='info'>
					<td class='status info' title='info' alt='info'><i class='material-icons'>info_outline</i></td>
					<td class='timestamp'>12:36:46 PM</td>
					<td class='step-details'>Clicked: By.linkText: Create Quotation</td>
				</tr>
				<tr class='log' status='info'>
					<td class='status info' title='info' alt='info'><i class='material-icons'>info_outline</i></td>
					<td class='timestamp'>12:36:47 PM</td>
					<td class='step-details'>Selected:            ---Select Customer---
           Individual
           Company</td>
				</tr>
				<tr class='log' status='info'>
					<td class='status info' title='info' alt='info'><i class='material-icons'>info_outline</i></td>
					<td class='timestamp'>12:36:47 PM</td>
					<td class='step-details'>Selected Individual</td>
				</tr>
				<tr class='log' status='info'>
					<td class='status info' title='info' alt='info'><i class='material-icons'>info_outline</i></td>
					<td class='timestamp'>12:36:47 PM</td>
					<td class='step-details'>Selected:            ---Marketer Code---
           
           A001-Default-[I01-0001022,S13-0000436]
           
           F884-Shihara-[I01-0003150,S01-0003149]
           
           G145-W C N-[I01-0000154,S01-0000153]
           
           G174-S D Chadisa-[I01-0000142,S01-0000140]
           
           M001--[I01-0003255,S01-0003239]
           
           M061-Dicman-[I01-0000333,S01-0000332]
           
           M116-Malith-[I01-0000941,S01-0000940]
           
           M140-Rumesh Maduranga-[I01-0000086,S01-0000081]
           
           M169-Thushara-[I01-0000953,S01-0000952]
           
           M227-Rajapaksha-[I01-0000337,S01-0000335]
           
           M263-Tharindu-[I01-0000977,S01-0000976]
           
           M270-T K W W-[I01-0000124,S01-0000117]
           
           M303-C L D-[I01-0001009,S01-0001006]
           
           M338-Sanath-[I01-0001072,S01-0001070]
           
           M357-Nishantha Bandara-[I01-0000179,S01-0000178]
           
           M403-Abdeen-[I01-0000340,S01-0000338]
           
           M418-M M D A?Premesh-[I01-0001629,S01-0001627]
           
           M473-Susila-[I01-0000181,S01-0000180]
           
           M475-R P K L Eresha-[I01-0001641,S01-0001640]
           
           M535-Indrajith Kumara-[I01-0000068,S01-0000060]
           
           M594-B M Lashantha-[I01-0000131,S01-0000125]
           
           M595-P M ASITHA-[I01-0001741,S01-0001739]
           
           M691-E M LASANTHA-[I01-0001862,S01-0001859]
           
           M708-U A SANDEEPA-[I01-0002094,S01-0002090]
           
           M776-D S-[I01-0002211,S01-0002210]
           
           N460-Rushan Udayakumara  Prabath-[I01-0003452,S01-0003451]
           
           N466-Thushara Premakeerthi-[I01-0000991,S01-0000990]
           
           N469-Shamil Indika-[I01-0001010,S01-0001008]
           
           N515-M M Rifayis-[I01-0003492,S01-0003491]
           
           N518-Ravindu-[I01-0003329,S01-0003327]
           
           N519-Menaka-[I01-0003331,S01-0003330]
           
           N520-Primal-[I01-0003334,S01-0003332]
           
           N521-Uditha-[I01-0003337,S01-0003336]
           
           T219-Tested -[I01-0000257,S01-0000253]
           
           T220-Prepod-[I01-0000257,S01-0000253]
           
           T221-Preprod-[I01-0000340,S01-0000339]
           
           Y109- Danuka Sampat-[I01-0003182,S01-0003181]
           
           Y295-M D Tharanga Podimanike-[I01-0003180,S01-0003179]
           
           Y296-K M D Tharanga Pubudini-[I01-0003152,S01-0003151]
           
           Y299-R.T.D-[I01-0003019,S01-0003018]</td>
				</tr>
				<tr class='log' status='fail'>
					<td class='status fail' title='fail' alt='fail'><i class='material-icons'>cancel</i></td>
					<td class='timestamp'>12:36:47 PM</td>
					<td class='step-details'><span class='label white-text red'>test_create_quotation_with_customer_details Test case failed for count:4</span></td>
				</tr>
				<tr class='log' status='fail'>
					<td class='status fail' title='fail' alt='fail'><i class='material-icons'>cancel</i></td>
					<td class='timestamp'>12:36:47 PM</td>
					<td class='step-details'><pre>org.openqa.selenium.NoSuchElementException: Cannot locate element with text: T221-Preprod
For documentation on this error, please visit: http://seleniumhq.org/exceptions/no_such_element.html
Build info: version: '3.13.0', revision: '2f0d292', time: '2018-06-25T15:24:21.231Z'
System info: host: 'AZ1400BATIGENOS', ip: '10.71.65.164', os.name: 'Windows 7', os.arch: 'amd64', os.version: '6.1', java.version: '1.8.0_101'
Driver info: driver.version: unknown
	at lk.allianz.emotor.base.EmotorBasePage.tearDown(EmotorBasePage.java:110)
	at sun.reflect.NativeMethodAccessorImpl.invoke0(Native Method)
	at sun.reflect.NativeMethodAccessorImpl.invoke(Unknown Source)
	at sun.reflect.DelegatingMethodAccessorImpl.invoke(Unknown Source)
	at java.lang.reflect.Method.invoke(Unknown Source)
	at org.testng.internal.MethodInvocationHelper.invokeMethod(MethodInvocationHelper.java:124)
	at org.testng.internal.MethodInvocationHelper.invokeMethodConsideringTimeout(MethodInvocationHelper.java:59)
	at org.testng.internal.Invoker.invokeConfigurationMethod(Invoker.java:455)
	at org.testng.internal.Invoker.invokeConfigurations(Invoker.java:222)
	at org.testng.internal.Invoker.invokeMethod(Invoker.java:643)
	at org.testng.internal.Invoker.invokeTestMethod(Invoker.java:716)
	at org.testng.internal.Invoker.invokeTestMethods(Invoker.java:988)
	at org.testng.internal.TestMethodWorker.invokeTestMethods(TestMethodWorker.java:125)
	at org.testng.internal.TestMethodWorker.run(TestMethodWorker.java:109)
	at org.testng.TestRunner.privateRun(TestRunner.java:648)
	at org.testng.TestRunner.run(TestRunner.java:505)
	at org.testng.SuiteRunner.runTest(SuiteRunner.java:455)
	at org.testng.SuiteRunner.runSequentially(SuiteRunner.java:450)
	at org.testng.SuiteRunner.privateRun(SuiteRunner.java:415)
	at org.testng.SuiteRunner.run(SuiteRunner.java:364)
	at org.testng.SuiteRunnerWorker.runSuite(SuiteRunnerWorker.java:52)
	at org.testng.SuiteRunnerWorker.run(SuiteRunnerWorker.java:84)
	at org.testng.TestNG.runSuitesSequentially(TestNG.java:1208)
	at org.testng.TestNG.runSuitesLocally(TestNG.java:1137)
	at org.testng.TestNG.runSuites(TestNG.java:1049)
	at org.testng.TestNG.run(TestNG.java:1017)
	at org.testng.remote.AbstractRemoteTestNG.run(AbstractRemoteTestNG.java:114)
	at org.testng.remote.RemoteTestNG.initAndRun(RemoteTestNG.java:251)
	at org.testng.remote.RemoteTestNG.main(RemoteTestNG.java:77)
</pre><img data-featherlight='C:\Users\AUX_ArshadM\eclipse-workspace\Emotor_Allianz/Screenshot/1544684807903.png' width='10%' src='C:\Users\AUX_ArshadM\eclipse-workspace\Emotor_Allianz/Screenshot/1544684807903.png' data-src='C:\Users\AUX_ArshadM\eclipse-workspace\Emotor_Allianz/Screenshot/1544684807903.png'></td>
				</tr>
				<tr class='log' status='info'>
					<td class='status info' title='info' alt='info'><i class='material-icons'>info_outline</i></td>
					<td class='timestamp'>12:36:54 PM</td>
					<td class='step-details'>Entered AUX_arshadm</td>
				</tr>
				<tr class='log' status='info'>
					<td class='status info' title='info' alt='info'><i class='material-icons'>info_outline</i></td>
					<td class='timestamp'>12:36:54 PM</td>
					<td class='step-details'>Entered 954385AzIT</td>
				</tr>
				<tr class='log' status='info'>
					<td class='status info' title='info' alt='info'><i class='material-icons'>info_outline</i></td>
					<td class='timestamp'>12:36:54 PM</td>
					<td class='step-details'>Clicked: By.xpath: //*[@id="loginform"]/div[3]/div[2]/div/button</td>
				</tr>
			</tbody>
		</table>
	</div>
					</div>
				</li>
				
				
				<li class='test displayed active  fail' status='fail' bdd='false' test-id='6'>
					<div class='test-heading'>
						<span class='test-name'>Create quotation with customer: 4</span>
						<span class='test-time'>Dec 13, 2018 12:36:54 PM</span>
						<span class='test-status right fail'>fail</span>
					</div>
					<div class='test-content hide'>
<div class='test-time-info'>
	<span class='label start-time'>Dec 13, 2018 12:36:54 PM</span>
	<span class='label end-time'>Dec 13, 2018 12:37:11 PM</span>
	<span class='label time-taken grey lighten-1 white-text'>0h 0m 16s+802ms</span>
</div>
	<div class='test-steps'>
		<table class='bordered table-results'>
			<thead>
				<tr>
					<th>Status</th>
					<th>Timestamp</th>
					<th>Details</th>
				</tr>
			</thead>
			<tbody>
				<tr class='log' status='info'>
					<td class='status info' title='info' alt='info'><i class='material-icons'>info_outline</i></td>
					<td class='timestamp'>12:37:10 PM</td>
					<td class='step-details'>Clicked: By.linkText: Quotations</td>
				</tr>
				<tr class='log' status='info'>
					<td class='status info' title='info' alt='info'><i class='material-icons'>info_outline</i></td>
					<td class='timestamp'>12:37:10 PM</td>
					<td class='step-details'>Clicked: By.linkText: Create Quotation</td>
				</tr>
				<tr class='log' status='info'>
					<td class='status info' title='info' alt='info'><i class='material-icons'>info_outline</i></td>
					<td class='timestamp'>12:37:10 PM</td>
					<td class='step-details'>Selected:            ---Select Customer---
           Individual
           Company</td>
				</tr>
				<tr class='log' status='info'>
					<td class='status info' title='info' alt='info'><i class='material-icons'>info_outline</i></td>
					<td class='timestamp'>12:37:10 PM</td>
					<td class='step-details'>Selected Individual</td>
				</tr>
				<tr class='log' status='info'>
					<td class='status info' title='info' alt='info'><i class='material-icons'>info_outline</i></td>
					<td class='timestamp'>12:37:11 PM</td>
					<td class='step-details'>Selected:            ---Marketer Code---
           
           A001-Default-[I01-0001022,S13-0000436]
           
           F884-Shihara-[I01-0003150,S01-0003149]
           
           G145-W C N-[I01-0000154,S01-0000153]
           
           G174-S D Chadisa-[I01-0000142,S01-0000140]
           
           M001--[I01-0003255,S01-0003239]
           
           M061-Dicman-[I01-0000333,S01-0000332]
           
           M116-Malith-[I01-0000941,S01-0000940]
           
           M140-Rumesh Maduranga-[I01-0000086,S01-0000081]
           
           M169-Thushara-[I01-0000953,S01-0000952]
           
           M227-Rajapaksha-[I01-0000337,S01-0000335]
           
           M263-Tharindu-[I01-0000977,S01-0000976]
           
           M270-T K W W-[I01-0000124,S01-0000117]
           
           M303-C L D-[I01-0001009,S01-0001006]
           
           M338-Sanath-[I01-0001072,S01-0001070]
           
           M357-Nishantha Bandara-[I01-0000179,S01-0000178]
           
           M403-Abdeen-[I01-0000340,S01-0000338]
           
           M418-M M D A?Premesh-[I01-0001629,S01-0001627]
           
           M473-Susila-[I01-0000181,S01-0000180]
           
           M475-R P K L Eresha-[I01-0001641,S01-0001640]
           
           M535-Indrajith Kumara-[I01-0000068,S01-0000060]
           
           M594-B M Lashantha-[I01-0000131,S01-0000125]
           
           M595-P M ASITHA-[I01-0001741,S01-0001739]
           
           M691-E M LASANTHA-[I01-0001862,S01-0001859]
           
           M708-U A SANDEEPA-[I01-0002094,S01-0002090]
           
           M776-D S-[I01-0002211,S01-0002210]
           
           N460-Rushan Udayakumara  Prabath-[I01-0003452,S01-0003451]
           
           N466-Thushara Premakeerthi-[I01-0000991,S01-0000990]
           
           N469-Shamil Indika-[I01-0001010,S01-0001008]
           
           N515-M M Rifayis-[I01-0003492,S01-0003491]
           
           N518-Ravindu-[I01-0003329,S01-0003327]
           
           N519-Menaka-[I01-0003331,S01-0003330]
           
           N520-Primal-[I01-0003334,S01-0003332]
           
           N521-Uditha-[I01-0003337,S01-0003336]
           
           T219-Tested -[I01-0000257,S01-0000253]
           
           T220-Prepod-[I01-0000257,S01-0000253]
           
           T221-Preprod-[I01-0000340,S01-0000339]
           
           Y109- Danuka Sampat-[I01-0003182,S01-0003181]
           
           Y295-M D Tharanga Podimanike-[I01-0003180,S01-0003179]
           
           Y296-K M D Tharanga Pubudini-[I01-0003152,S01-0003151]
           
           Y299-R.T.D-[I01-0003019,S01-0003018]</td>
				</tr>
				<tr class='log' status='fail'>
					<td class='status fail' title='fail' alt='fail'><i class='material-icons'>cancel</i></td>
					<td class='timestamp'>12:37:11 PM</td>
					<td class='step-details'><span class='label white-text red'>test_create_quotation_with_customer_details Test case failed for count:5</span></td>
				</tr>
				<tr class='log' status='fail'>
					<td class='status fail' title='fail' alt='fail'><i class='material-icons'>cancel</i></td>
					<td class='timestamp'>12:37:11 PM</td>
					<td class='step-details'><pre>org.openqa.selenium.NoSuchElementException: Cannot locate element with text: T221-Preprod
For documentation on this error, please visit: http://seleniumhq.org/exceptions/no_such_element.html
Build info: version: '3.13.0', revision: '2f0d292', time: '2018-06-25T15:24:21.231Z'
System info: host: 'AZ1400BATIGENOS', ip: '10.71.65.164', os.name: 'Windows 7', os.arch: 'amd64', os.version: '6.1', java.version: '1.8.0_101'
Driver info: driver.version: unknown
	at lk.allianz.emotor.base.EmotorBasePage.tearDown(EmotorBasePage.java:110)
	at sun.reflect.NativeMethodAccessorImpl.invoke0(Native Method)
	at sun.reflect.NativeMethodAccessorImpl.invoke(Unknown Source)
	at sun.reflect.DelegatingMethodAccessorImpl.invoke(Unknown Source)
	at java.lang.reflect.Method.invoke(Unknown Source)
	at org.testng.internal.MethodInvocationHelper.invokeMethod(MethodInvocationHelper.java:124)
	at org.testng.internal.MethodInvocationHelper.invokeMethodConsideringTimeout(MethodInvocationHelper.java:59)
	at org.testng.internal.Invoker.invokeConfigurationMethod(Invoker.java:455)
	at org.testng.internal.Invoker.invokeConfigurations(Invoker.java:222)
	at org.testng.internal.Invoker.invokeMethod(Invoker.java:643)
	at org.testng.internal.Invoker.invokeTestMethod(Invoker.java:716)
	at org.testng.internal.Invoker.invokeTestMethods(Invoker.java:988)
	at org.testng.internal.TestMethodWorker.invokeTestMethods(TestMethodWorker.java:125)
	at org.testng.internal.TestMethodWorker.run(TestMethodWorker.java:109)
	at org.testng.TestRunner.privateRun(TestRunner.java:648)
	at org.testng.TestRunner.run(TestRunner.java:505)
	at org.testng.SuiteRunner.runTest(SuiteRunner.java:455)
	at org.testng.SuiteRunner.runSequentially(SuiteRunner.java:450)
	at org.testng.SuiteRunner.privateRun(SuiteRunner.java:415)
	at org.testng.SuiteRunner.run(SuiteRunner.java:364)
	at org.testng.SuiteRunnerWorker.runSuite(SuiteRunnerWorker.java:52)
	at org.testng.SuiteRunnerWorker.run(SuiteRunnerWorker.java:84)
	at org.testng.TestNG.runSuitesSequentially(TestNG.java:1208)
	at org.testng.TestNG.runSuitesLocally(TestNG.java:1137)
	at org.testng.TestNG.runSuites(TestNG.java:1049)
	at org.testng.TestNG.run(TestNG.java:1017)
	at org.testng.remote.AbstractRemoteTestNG.run(AbstractRemoteTestNG.java:114)
	at org.testng.remote.RemoteTestNG.initAndRun(RemoteTestNG.java:251)
	at org.testng.remote.RemoteTestNG.main(RemoteTestNG.java:77)
</pre><img data-featherlight='C:\Users\AUX_ArshadM\eclipse-workspace\Emotor_Allianz/Screenshot/1544684831562.png' width='10%' src='C:\Users\AUX_ArshadM\eclipse-workspace\Emotor_Allianz/Screenshot/1544684831562.png' data-src='C:\Users\AUX_ArshadM\eclipse-workspace\Emotor_Allianz/Screenshot/1544684831562.png'></td>
				</tr>
			</tbody>
		</table>
	</div>
					</div>
				</li>
			</ul>
		</div>
	</div>
	<!-- subview left -->

	<div class='subview-right left'>
		<div class='view-summary'>
			<h5 class='test-name'></h5>

			<div id='step-filters' class="right">
				<span class="blue-text" status="info" alt="info" title="info"><i class="material-icons">info_outline</i></span>
				<span class="green-text" status="pass" alt="pass" title="pass"><i class="material-icons">check_circle</i></span>
				<span class="red-text" status="fail" alt="fail" title="fail"><i class="material-icons">cancel</i></span>
				<span class="red-text text-darken-4" status="fatal" alt="fatal" title="fatal"><i class="material-icons">cancel</i></span>
				<span class="pink-text text-lighten-1" status="error" alt="error" title="error"><i class="material-icons">error</i></span>
				<span class="orange-text" alt="warning" status="warning" title="warning"><i class="material-icons">warning</i></span>
				<span class="teal-text" status="skip" alt="skip" title="skip"><i class="material-icons">redo</i></span>
				<span status="clear" alt="Clear filters" title="Clear filters"><i class="material-icons">clear</i></span>
			</div>
		</div>
	</div>
	<!-- subview right -->

</div>
<!-- test view -->
<!-- category view -->
<div id='exception-view' class='view hide'>

    <section id='controls'>
        <div class='controls grey lighten-4'>
            <!-- search -->
            <div class='chip transparent' alt='Search Tests' title='Search Tests'>
                <a href="#" class='search-div'>
                    <i class='material-icons'>search</i> Search
                </a>

                <div class='input-field left hide'>
                    <input id='search-tests' type='text' class='validate browser-default' placeholder='Search Tests...'>
                </div>

            </div>
            <!-- search -->
        </div>
    </section>

    <div class='subview-left left'>

        <div class='view-summary'>
            <h5>Exceptions</h3>
                <ul id='exception-collection' class='exception-collection'>

                        <li class='exception displayed active'>
                            <div class='exception-heading'>
                                <span class='exception-name'>org.openqa.selenium.NoSuchElementException</span>
                                <span class='exception-count right'><span class='label red lighten-1 white-text'>5</span></span>
                            </div>
                            <div class='exception-content hide'>
                                <div class='exception-tests'>
                                    <table class='bordered table-results'>
                                        <thead>
                                        <tr>
                                            <th>Timestamp</th>
                                            <th>TestName</th>
                                            <th>Status</th>
                                        </tr>
                                        </thead>
                                        <tbody>
                                                    <tr>
                                                        <td>Dec 13, 2018 12:35:13 PM</td>
                                                        <td class='linked' test-id='2'>Create quotation with customer: 0</td>
                                                        <td><pre><pre>org.openqa.selenium.NoSuchElementException: Cannot locate element with text: T221-Preprod
For documentation on this error, please visit: http://seleniumhq.org/exceptions/no_such_element.html
Build info: version: '3.13.0', revision: '2f0d292', time: '2018-06-25T15:24:21.231Z'
System info: host: 'AZ1400BATIGENOS', ip: '10.71.65.164', os.name: 'Windows 7', os.arch: 'amd64', os.version: '6.1', java.version: '1.8.0_101'
Driver info: driver.version: unknown
	at lk.allianz.emotor.base.EmotorBasePage.tearDown(EmotorBasePage.java:110)
	at sun.reflect.NativeMethodAccessorImpl.invoke0(Native Method)
	at sun.reflect.NativeMethodAccessorImpl.invoke(Unknown Source)
	at sun.reflect.DelegatingMethodAccessorImpl.invoke(Unknown Source)
	at java.lang.reflect.Method.invoke(Unknown Source)
	at org.testng.internal.MethodInvocationHelper.invokeMethod(MethodInvocationHelper.java:124)
	at org.testng.internal.MethodInvocationHelper.invokeMethodConsideringTimeout(MethodInvocationHelper.java:59)
	at org.testng.internal.Invoker.invokeConfigurationMethod(Invoker.java:455)
	at org.testng.internal.Invoker.invokeConfigurations(Invoker.java:222)
	at org.testng.internal.Invoker.invokeMethod(Invoker.java:643)
	at org.testng.internal.Invoker.invokeTestMethod(Invoker.java:716)
	at org.testng.internal.Invoker.invokeTestMethods(Invoker.java:988)
	at org.testng.internal.TestMethodWorker.invokeTestMethods(TestMethodWorker.java:125)
	at org.testng.internal.TestMethodWorker.run(TestMethodWorker.java:109)
	at org.testng.TestRunner.privateRun(TestRunner.java:648)
	at org.testng.TestRunner.run(TestRunner.java:505)
	at org.testng.SuiteRunner.runTest(SuiteRunner.java:455)
	at org.testng.SuiteRunner.runSequentially(SuiteRunner.java:450)
	at org.testng.SuiteRunner.privateRun(SuiteRunner.java:415)
	at org.testng.SuiteRunner.run(SuiteRunner.java:364)
	at org.testng.SuiteRunnerWorker.runSuite(SuiteRunnerWorker.java:52)
	at org.testng.SuiteRunnerWorker.run(SuiteRunnerWorker.java:84)
	at org.testng.TestNG.runSuitesSequentially(TestNG.java:1208)
	at org.testng.TestNG.runSuitesLocally(TestNG.java:1137)
	at org.testng.TestNG.runSuites(TestNG.java:1049)
	at org.testng.TestNG.run(TestNG.java:1017)
	at org.testng.remote.AbstractRemoteTestNG.run(AbstractRemoteTestNG.java:114)
	at org.testng.remote.RemoteTestNG.initAndRun(RemoteTestNG.java:251)
	at org.testng.remote.RemoteTestNG.main(RemoteTestNG.java:77)
</pre></pre></td>
                                                    </tr>
                                                    <tr>
                                                        <td>Dec 13, 2018 12:35:42 PM</td>
                                                        <td class='linked' test-id='3'>Create quotation with customer: 1</td>
                                                        <td><pre><pre>org.openqa.selenium.NoSuchElementException: Cannot locate element with text: T221-Preprod
For documentation on this error, please visit: http://seleniumhq.org/exceptions/no_such_element.html
Build info: version: '3.13.0', revision: '2f0d292', time: '2018-06-25T15:24:21.231Z'
System info: host: 'AZ1400BATIGENOS', ip: '10.71.65.164', os.name: 'Windows 7', os.arch: 'amd64', os.version: '6.1', java.version: '1.8.0_101'
Driver info: driver.version: unknown
	at lk.allianz.emotor.base.EmotorBasePage.tearDown(EmotorBasePage.java:110)
	at sun.reflect.NativeMethodAccessorImpl.invoke0(Native Method)
	at sun.reflect.NativeMethodAccessorImpl.invoke(Unknown Source)
	at sun.reflect.DelegatingMethodAccessorImpl.invoke(Unknown Source)
	at java.lang.reflect.Method.invoke(Unknown Source)
	at org.testng.internal.MethodInvocationHelper.invokeMethod(MethodInvocationHelper.java:124)
	at org.testng.internal.MethodInvocationHelper.invokeMethodConsideringTimeout(MethodInvocationHelper.java:59)
	at org.testng.internal.Invoker.invokeConfigurationMethod(Invoker.java:455)
	at org.testng.internal.Invoker.invokeConfigurations(Invoker.java:222)
	at org.testng.internal.Invoker.invokeMethod(Invoker.java:643)
	at org.testng.internal.Invoker.invokeTestMethod(Invoker.java:716)
	at org.testng.internal.Invoker.invokeTestMethods(Invoker.java:988)
	at org.testng.internal.TestMethodWorker.invokeTestMethods(TestMethodWorker.java:125)
	at org.testng.internal.TestMethodWorker.run(TestMethodWorker.java:109)
	at org.testng.TestRunner.privateRun(TestRunner.java:648)
	at org.testng.TestRunner.run(TestRunner.java:505)
	at org.testng.SuiteRunner.runTest(SuiteRunner.java:455)
	at org.testng.SuiteRunner.runSequentially(SuiteRunner.java:450)
	at org.testng.SuiteRunner.privateRun(SuiteRunner.java:415)
	at org.testng.SuiteRunner.run(SuiteRunner.java:364)
	at org.testng.SuiteRunnerWorker.runSuite(SuiteRunnerWorker.java:52)
	at org.testng.SuiteRunnerWorker.run(SuiteRunnerWorker.java:84)
	at org.testng.TestNG.runSuitesSequentially(TestNG.java:1208)
	at org.testng.TestNG.runSuitesLocally(TestNG.java:1137)
	at org.testng.TestNG.runSuites(TestNG.java:1049)
	at org.testng.TestNG.run(TestNG.java:1017)
	at org.testng.remote.AbstractRemoteTestNG.run(AbstractRemoteTestNG.java:114)
	at org.testng.remote.RemoteTestNG.initAndRun(RemoteTestNG.java:251)
	at org.testng.remote.RemoteTestNG.main(RemoteTestNG.java:77)
</pre></pre></td>
                                                    </tr>
                                                    <tr>
                                                        <td>Dec 13, 2018 12:36:06 PM</td>
                                                        <td class='linked' test-id='4'>Create quotation with customer: 2</td>
                                                        <td><pre><pre>org.openqa.selenium.NoSuchElementException: Cannot locate element with text: T221-Preprod
For documentation on this error, please visit: http://seleniumhq.org/exceptions/no_such_element.html
Build info: version: '3.13.0', revision: '2f0d292', time: '2018-06-25T15:24:21.231Z'
System info: host: 'AZ1400BATIGENOS', ip: '10.71.65.164', os.name: 'Windows 7', os.arch: 'amd64', os.version: '6.1', java.version: '1.8.0_101'
Driver info: driver.version: unknown
	at lk.allianz.emotor.base.EmotorBasePage.tearDown(EmotorBasePage.java:110)
	at sun.reflect.NativeMethodAccessorImpl.invoke0(Native Method)
	at sun.reflect.NativeMethodAccessorImpl.invoke(Unknown Source)
	at sun.reflect.DelegatingMethodAccessorImpl.invoke(Unknown Source)
	at java.lang.reflect.Method.invoke(Unknown Source)
	at org.testng.internal.MethodInvocationHelper.invokeMethod(MethodInvocationHelper.java:124)
	at org.testng.internal.MethodInvocationHelper.invokeMethodConsideringTimeout(MethodInvocationHelper.java:59)
	at org.testng.internal.Invoker.invokeConfigurationMethod(Invoker.java:455)
	at org.testng.internal.Invoker.invokeConfigurations(Invoker.java:222)
	at org.testng.internal.Invoker.invokeMethod(Invoker.java:643)
	at org.testng.internal.Invoker.invokeTestMethod(Invoker.java:716)
	at org.testng.internal.Invoker.invokeTestMethods(Invoker.java:988)
	at org.testng.internal.TestMethodWorker.invokeTestMethods(TestMethodWorker.java:125)
	at org.testng.internal.TestMethodWorker.run(TestMethodWorker.java:109)
	at org.testng.TestRunner.privateRun(TestRunner.java:648)
	at org.testng.TestRunner.run(TestRunner.java:505)
	at org.testng.SuiteRunner.runTest(SuiteRunner.java:455)
	at org.testng.SuiteRunner.runSequentially(SuiteRunner.java:450)
	at org.testng.SuiteRunner.privateRun(SuiteRunner.java:415)
	at org.testng.SuiteRunner.run(SuiteRunner.java:364)
	at org.testng.SuiteRunnerWorker.runSuite(SuiteRunnerWorker.java:52)
	at org.testng.SuiteRunnerWorker.run(SuiteRunnerWorker.java:84)
	at org.testng.TestNG.runSuitesSequentially(TestNG.java:1208)
	at org.testng.TestNG.runSuitesLocally(TestNG.java:1137)
	at org.testng.TestNG.runSuites(TestNG.java:1049)
	at org.testng.TestNG.run(TestNG.java:1017)
	at org.testng.remote.AbstractRemoteTestNG.run(AbstractRemoteTestNG.java:114)
	at org.testng.remote.RemoteTestNG.initAndRun(RemoteTestNG.java:251)
	at org.testng.remote.RemoteTestNG.main(RemoteTestNG.java:77)
</pre></pre></td>
                                                    </tr>
                                                    <tr>
                                                        <td>Dec 13, 2018 12:36:30 PM</td>
                                                        <td class='linked' test-id='5'>Create quotation with customer: 3</td>
                                                        <td><pre><pre>org.openqa.selenium.NoSuchElementException: Cannot locate element with text: T221-Preprod
For documentation on this error, please visit: http://seleniumhq.org/exceptions/no_such_element.html
Build info: version: '3.13.0', revision: '2f0d292', time: '2018-06-25T15:24:21.231Z'
System info: host: 'AZ1400BATIGENOS', ip: '10.71.65.164', os.name: 'Windows 7', os.arch: 'amd64', os.version: '6.1', java.version: '1.8.0_101'
Driver info: driver.version: unknown
	at lk.allianz.emotor.base.EmotorBasePage.tearDown(EmotorBasePage.java:110)
	at sun.reflect.NativeMethodAccessorImpl.invoke0(Native Method)
	at sun.reflect.NativeMethodAccessorImpl.invoke(Unknown Source)
	at sun.reflect.DelegatingMethodAccessorImpl.invoke(Unknown Source)
	at java.lang.reflect.Method.invoke(Unknown Source)
	at org.testng.internal.MethodInvocationHelper.invokeMethod(MethodInvocationHelper.java:124)
	at org.testng.internal.MethodInvocationHelper.invokeMethodConsideringTimeout(MethodInvocationHelper.java:59)
	at org.testng.internal.Invoker.invokeConfigurationMethod(Invoker.java:455)
	at org.testng.internal.Invoker.invokeConfigurations(Invoker.java:222)
	at org.testng.internal.Invoker.invokeMethod(Invoker.java:643)
	at org.testng.internal.Invoker.invokeTestMethod(Invoker.java:716)
	at org.testng.internal.Invoker.invokeTestMethods(Invoker.java:988)
	at org.testng.internal.TestMethodWorker.invokeTestMethods(TestMethodWorker.java:125)
	at org.testng.internal.TestMethodWorker.run(TestMethodWorker.java:109)
	at org.testng.TestRunner.privateRun(TestRunner.java:648)
	at org.testng.TestRunner.run(TestRunner.java:505)
	at org.testng.SuiteRunner.runTest(SuiteRunner.java:455)
	at org.testng.SuiteRunner.runSequentially(SuiteRunner.java:450)
	at org.testng.SuiteRunner.privateRun(SuiteRunner.java:415)
	at org.testng.SuiteRunner.run(SuiteRunner.java:364)
	at org.testng.SuiteRunnerWorker.runSuite(SuiteRunnerWorker.java:52)
	at org.testng.SuiteRunnerWorker.run(SuiteRunnerWorker.java:84)
	at org.testng.TestNG.runSuitesSequentially(TestNG.java:1208)
	at org.testng.TestNG.runSuitesLocally(TestNG.java:1137)
	at org.testng.TestNG.runSuites(TestNG.java:1049)
	at org.testng.TestNG.run(TestNG.java:1017)
	at org.testng.remote.AbstractRemoteTestNG.run(AbstractRemoteTestNG.java:114)
	at org.testng.remote.RemoteTestNG.initAndRun(RemoteTestNG.java:251)
	at org.testng.remote.RemoteTestNG.main(RemoteTestNG.java:77)
</pre></pre></td>
                                                    </tr>
                                                    <tr>
                                                        <td>Dec 13, 2018 12:36:54 PM</td>
                                                        <td class='linked' test-id='6'>Create quotation with customer: 4</td>
                                                        <td><pre><pre>org.openqa.selenium.NoSuchElementException: Cannot locate element with text: T221-Preprod
For documentation on this error, please visit: http://seleniumhq.org/exceptions/no_such_element.html
Build info: version: '3.13.0', revision: '2f0d292', time: '2018-06-25T15:24:21.231Z'
System info: host: 'AZ1400BATIGENOS', ip: '10.71.65.164', os.name: 'Windows 7', os.arch: 'amd64', os.version: '6.1', java.version: '1.8.0_101'
Driver info: driver.version: unknown
	at lk.allianz.emotor.base.EmotorBasePage.tearDown(EmotorBasePage.java:110)
	at sun.reflect.NativeMethodAccessorImpl.invoke0(Native Method)
	at sun.reflect.NativeMethodAccessorImpl.invoke(Unknown Source)
	at sun.reflect.DelegatingMethodAccessorImpl.invoke(Unknown Source)
	at java.lang.reflect.Method.invoke(Unknown Source)
	at org.testng.internal.MethodInvocationHelper.invokeMethod(MethodInvocationHelper.java:124)
	at org.testng.internal.MethodInvocationHelper.invokeMethodConsideringTimeout(MethodInvocationHelper.java:59)
	at org.testng.internal.Invoker.invokeConfigurationMethod(Invoker.java:455)
	at org.testng.internal.Invoker.invokeConfigurations(Invoker.java:222)
	at org.testng.internal.Invoker.invokeMethod(Invoker.java:643)
	at org.testng.internal.Invoker.invokeTestMethod(Invoker.java:716)
	at org.testng.internal.Invoker.invokeTestMethods(Invoker.java:988)
	at org.testng.internal.TestMethodWorker.invokeTestMethods(TestMethodWorker.java:125)
	at org.testng.internal.TestMethodWorker.run(TestMethodWorker.java:109)
	at org.testng.TestRunner.privateRun(TestRunner.java:648)
	at org.testng.TestRunner.run(TestRunner.java:505)
	at org.testng.SuiteRunner.runTest(SuiteRunner.java:455)
	at org.testng.SuiteRunner.runSequentially(SuiteRunner.java:450)
	at org.testng.SuiteRunner.privateRun(SuiteRunner.java:415)
	at org.testng.SuiteRunner.run(SuiteRunner.java:364)
	at org.testng.SuiteRunnerWorker.runSuite(SuiteRunnerWorker.java:52)
	at org.testng.SuiteRunnerWorker.run(SuiteRunnerWorker.java:84)
	at org.testng.TestNG.runSuitesSequentially(TestNG.java:1208)
	at org.testng.TestNG.runSuitesLocally(TestNG.java:1137)
	at org.testng.TestNG.runSuites(TestNG.java:1049)
	at org.testng.TestNG.run(TestNG.java:1017)
	at org.testng.remote.AbstractRemoteTestNG.run(AbstractRemoteTestNG.java:114)
	at org.testng.remote.RemoteTestNG.initAndRun(RemoteTestNG.java:251)
	at org.testng.remote.RemoteTestNG.main(RemoteTestNG.java:77)
</pre></pre></td>
                                                    </tr>
                                        </tbody>
                                    </table>
                                </div>
                            </div>
                        </li>
                </ul>
        </div>
    </div>

    <div class='subview-right left'>
        <div class='view-summary'>
            <h5 class='exception-name'></h5>
        </div>
    </div>
</div>
<!-- exception view -->
<div id='dashboard-view' class='view hide'>
	<div class='card-panel transparent np-v'>
		<h5>Dashboard</h5>

		<div class='row'>
			<div class='col s2'>
				<div class='card-panel r'>
					Tests
					<div class='panel-lead'>6</div>
				</div>
			</div>
			<div class='col s2'>
				<div class='card-panel r'>
					Steps
					<div class='panel-lead'>50</div>
				</div>
			</div>
			<div class='col s2'>
				<div class='card-panel r'>
					Start
					<div class='panel-lead'>Dec 13, 2018 12:34:52 PM</div>
				</div>
			</div>
			<div class='col s2'>
				<div class='card-panel r'>
			 		End
			 		<div class='panel-lead'>Dec 13, 2018 12:37:15 PM</div>
				</div>
			</div>
			<div class='col s2'>
				<div class='card-panel r'>
					Time Taken
					<div class='panel-lead'>0h 2m 22s+740ms</div>
				</div>
			</div>
		</div>
	</div>
</div>
<!-- dashboard view -->
<!-- testrunner-logs view -->
		</div>
		<!-- container -->

		<script>
			var statusGroup = {
				passParent: 1,
				failParent: 5,
				fatalParent: 0,
				errorParent: 0,
				warningParent: 0,
				skipParent: 0,
				exceptionsParent: 5,
				
				passChild: 0,
				failChild: 10,
				fatalChild: 0,
				errorChild: 0,
				warningChild: 0,
				skipChild: 0,
				infoChild: 40,
				exceptionsChild: 10,
				
				passGrandChild: 0,
				failGrandChild: 0,
				fatalGrandChild: 0,
				errorGrandChild: 0,
				warningGrandChild: 0,
				skipGrandChild: 0,
				infoGrandChild: 0,
				exceptionsGrandChild: 0,
			};
		</script>
		
			<script src='https://cdn.rawgit.com/anshooarora/extentreports-java/fca20fb7653aade98810546ab96a2a4360e3e712/dist/js/extent.js' type='text/javascript'></script>
		
		
 		<script type='text/javascript'>
 		</script>
	</body>
	
</html>
