<?xml version="1.0" encoding="UTF-8"?>
<!-- Generated by org.testng.reporters.JUnitXMLReporter -->
<testsuite hostname="AZ1400BATIGENOS" ignored="0" name="Test" tests="3" failures="2" timestamp="30 Nov 2018 10:27:15 GMT" time="102.771" errors="0">
  <testcase name="create_quotation_regression" time="19.177" classname="lk.allianz.emotor.testcases.Test_Quotation_Regression">
    <failure type="org.openqa.selenium.NoSuchElementException" message="Cannot locate element with text: 1.0
For documentation on this error, please visit: http://seleniumhq.org/exceptions/no_such_element.html
Build info: version: &amp;apos;3.13.0&amp;apos;, revision: &amp;apos;2f0d292&amp;apos;, time: &amp;apos;2018-06-25T15:24:21.231Z&amp;apos;
System info: host: &amp;apos;AZ1400BATIGENOS&amp;apos;, ip: &amp;apos;10.71.65.164&amp;apos;, os.name: &amp;apos;Windows 7&amp;apos;, os.arch: &amp;apos;amd64&amp;apos;, os.version: &amp;apos;6.1&amp;apos;, java.version: &amp;apos;1.8.0_101&amp;apos;
Driver info: driver.version: unknown">
      <![CDATA[org.openqa.selenium.NoSuchElementException: Cannot locate element with text: 1.0
For documentation on this error, please visit: http://seleniumhq.org/exceptions/no_such_element.html
Build info: version: '3.13.0', revision: '2f0d292', time: '2018-06-25T15:24:21.231Z'
System info: host: 'AZ1400BATIGENOS', ip: '10.71.65.164', os.name: 'Windows 7', os.arch: 'amd64', os.version: '6.1', java.version: '1.8.0_101'
Driver info: driver.version: unknown
at org.openqa.selenium.support.ui.Select.selectByVisibleText(Select.java:151)
at lk.allianz.emotor.utilities.utilities.SelectByText(utilities.java:105)
at lk.allianz.emotor.pages.CreateQuotation.addInitialDetails(CreateQuotation.java:81)
at lk.allianz.emotor.testcases.Test_Quotation_Regression.create_quotation_regression(Test_Quotation_Regression.java:89)
... Removed 25 stack frames]]>
    </failure>
  </testcase> <!-- create_quotation_regression -->
  <testcase name="create_quotation_regression" time="11.192" classname="lk.allianz.emotor.testcases.Test_Quotation_Regression">
    <failure type="org.openqa.selenium.NoSuchElementException" message="Cannot locate element with text: A2+1
For documentation on this error, please visit: http://seleniumhq.org/exceptions/no_such_element.html
Build info: version: &amp;apos;3.13.0&amp;apos;, revision: &amp;apos;2f0d292&amp;apos;, time: &amp;apos;2018-06-25T15:24:21.231Z&amp;apos;
System info: host: &amp;apos;AZ1400BATIGENOS&amp;apos;, ip: &amp;apos;10.71.65.164&amp;apos;, os.name: &amp;apos;Windows 7&amp;apos;, os.arch: &amp;apos;amd64&amp;apos;, os.version: &amp;apos;6.1&amp;apos;, java.version: &amp;apos;1.8.0_101&amp;apos;
Driver info: driver.version: unknown">
      <![CDATA[org.openqa.selenium.NoSuchElementException: Cannot locate element with text: A2+1
For documentation on this error, please visit: http://seleniumhq.org/exceptions/no_such_element.html
Build info: version: '3.13.0', revision: '2f0d292', time: '2018-06-25T15:24:21.231Z'
System info: host: 'AZ1400BATIGENOS', ip: '10.71.65.164', os.name: 'Windows 7', os.arch: 'amd64', os.version: '6.1', java.version: '1.8.0_101'
Driver info: driver.version: unknown
at org.openqa.selenium.support.ui.Select.selectByVisibleText(Select.java:151)
at lk.allianz.emotor.utilities.utilities.SelectByText(utilities.java:105)
at lk.allianz.emotor.pages.CreateQuotation.addInitialDetails(CreateQuotation.java:81)
at lk.allianz.emotor.testcases.Test_Quotation_Regression.create_quotation_regression(Test_Quotation_Regression.java:89)
... Removed 25 stack frames]]>
    </failure>
  </testcase> <!-- create_quotation_regression -->
  <testcase name="secondTest" time="0.0" classname="lk.allianz.emotor.testcases.Test_Quotation_Regression"/>
</testsuite> <!-- Test -->
