<?xml version="1.0" encoding="UTF-8"?>
<testng-results skipped="0" failed="2" ignored="0" total="3" passed="1">
  <reporter-output>
  </reporter-output>
  <suite name="Default suite" duration-ms="205923" started-at="2018-12-03T05:56:16Z" finished-at="2018-12-03T05:59:42Z">
    <groups>
    </groups>
    <test name="Default test" duration-ms="205923" started-at="2018-12-03T05:56:16Z" finished-at="2018-12-03T05:59:42Z">
      <class name="lk.allianz.emotor.testcases.Test_Quotation_Regression">
        <test-method status="PASS" signature="init_reports()[pri:0, instance:lk.allianz.emotor.testcases.Test_Quotation_Regression@73ad2d6]" name="init_reports" is-config="true" duration-ms="138" started-at="2018-12-03T05:56:16Z" finished-at="2018-12-03T05:56:16Z">
          <reporter-output>
          </reporter-output>
        </test-method> <!-- init_reports -->
        <test-method status="PASS" signature="init_smoke()[pri:0, instance:lk.allianz.emotor.testcases.Test_Quotation_Regression@73ad2d6]" name="init_smoke" is-config="true" duration-ms="5716" started-at="2018-12-03T05:56:16Z" finished-at="2018-12-03T05:56:22Z">
          <reporter-output>
          </reporter-output>
        </test-method> <!-- init_smoke -->
        <test-method status="PASS" signature="setup()[pri:0, instance:lk.allianz.emotor.testcases.Test_Quotation_Regression@73ad2d6]" name="setup" is-config="true" duration-ms="3" started-at="2018-12-03T05:56:22Z" finished-at="2018-12-03T05:56:22Z">
          <reporter-output>
          </reporter-output>
        </test-method> <!-- setup -->
        <test-method status="FAIL" signature="create_quotation_regression()[pri:0, instance:lk.allianz.emotor.testcases.Test_Quotation_Regression@73ad2d6]" name="create_quotation_regression" duration-ms="71196" started-at="2018-12-03T05:56:22Z" finished-at="2018-12-03T05:57:33Z">
          <exception class="org.openqa.selenium.WebDriverException">
            <message>
              <![CDATA[unknown error: Element <label for="basic_checkbox_2">...</label> is not clickable at point (583, 585). Other element would receive the click: <div class="sweet-overlay" tabindex="-1" style="opacity: 1.05; display: block;"></div>
  (Session info: chrome=70.0.3538.110)
  (Driver info: chromedriver=2.43.600210 (68dcf5eebde37173d4027fa8635e332711d2874a),platform=Windows NT 6.1.7601 SP1 x86_64) (WARNING: The server did not provide any stacktrace information)
Command duration or timeout: 0 milliseconds
Build info: version: '3.13.0', revision: '2f0d292', time: '2018-06-25T15:24:21.231Z'
System info: host: 'AZ1400BATIGENOS', ip: '10.71.65.164', os.name: 'Windows 7', os.arch: 'amd64', os.version: '6.1', java.version: '1.8.0_101'
Driver info: org.openqa.selenium.chrome.ChromeDriver
Capabilities {acceptInsecureCerts: false, acceptSslCerts: false, applicationCacheEnabled: false, browserConnectionEnabled: false, browserName: chrome, chrome: {chromedriverVersion: 2.43.600210 (68dcf5eebde371..., userDataDir: C:\Users\AUX_AR~1\AppData\L...}, cssSelectorsEnabled: true, databaseEnabled: false, goog:chromeOptions: {debuggerAddress: localhost:55001}, handlesAlerts: true, hasTouchScreen: false, javascriptEnabled: true, locationContextEnabled: true, mobileEmulationEnabled: false, nativeEvents: true, networkConnectionEnabled: false, pageLoadStrategy: normal, platform: XP, platformName: XP, rotatable: false, setWindowRect: true, takesHeapSnapshot: true, takesScreenshot: true, unexpectedAlertBehaviour: , unhandledPromptBehavior: , version: 70.0.3538.110, webStorageEnabled: true}
Session ID: 9c813ae704d52131f1068a56ee06bab5]]>
            </message>
            <full-stacktrace>
              <![CDATA[org.openqa.selenium.WebDriverException: unknown error: Element <label for="basic_checkbox_2">...</label> is not clickable at point (583, 585). Other element would receive the click: <div class="sweet-overlay" tabindex="-1" style="opacity: 1.05; display: block;"></div>
  (Session info: chrome=70.0.3538.110)
  (Driver info: chromedriver=2.43.600210 (68dcf5eebde37173d4027fa8635e332711d2874a),platform=Windows NT 6.1.7601 SP1 x86_64) (WARNING: The server did not provide any stacktrace information)
Command duration or timeout: 0 milliseconds
Build info: version: '3.13.0', revision: '2f0d292', time: '2018-06-25T15:24:21.231Z'
System info: host: 'AZ1400BATIGENOS', ip: '10.71.65.164', os.name: 'Windows 7', os.arch: 'amd64', os.version: '6.1', java.version: '1.8.0_101'
Driver info: org.openqa.selenium.chrome.ChromeDriver
Capabilities {acceptInsecureCerts: false, acceptSslCerts: false, applicationCacheEnabled: false, browserConnectionEnabled: false, browserName: chrome, chrome: {chromedriverVersion: 2.43.600210 (68dcf5eebde371..., userDataDir: C:\Users\AUX_AR~1\AppData\L...}, cssSelectorsEnabled: true, databaseEnabled: false, goog:chromeOptions: {debuggerAddress: localhost:55001}, handlesAlerts: true, hasTouchScreen: false, javascriptEnabled: true, locationContextEnabled: true, mobileEmulationEnabled: false, nativeEvents: true, networkConnectionEnabled: false, pageLoadStrategy: normal, platform: XP, platformName: XP, rotatable: false, setWindowRect: true, takesHeapSnapshot: true, takesScreenshot: true, unexpectedAlertBehaviour: , unhandledPromptBehavior: , version: 70.0.3538.110, webStorageEnabled: true}
Session ID: 9c813ae704d52131f1068a56ee06bab5
at lk.allianz.emotor.base.EmotorBasePage.tearDown(EmotorBasePage.java:106)
at sun.reflect.NativeMethodAccessorImpl.invoke0(Native Method)
at sun.reflect.NativeMethodAccessorImpl.invoke(Unknown Source)
at sun.reflect.DelegatingMethodAccessorImpl.invoke(Unknown Source)
at java.lang.reflect.Method.invoke(Unknown Source)
at org.testng.internal.MethodInvocationHelper.invokeMethod(MethodInvocationHelper.java:124)
at org.testng.internal.MethodInvocationHelper.invokeMethodConsideringTimeout(MethodInvocationHelper.java:59)
at org.testng.internal.Invoker.invokeConfigurationMethod(Invoker.java:455)
at org.testng.internal.Invoker.invokeConfigurations(Invoker.java:222)
at org.testng.internal.Invoker.invokeMethod(Invoker.java:643)
at org.testng.internal.Invoker.invokeTestMethod(Invoker.java:716)
at org.testng.internal.Invoker.invokeTestMethods(Invoker.java:988)
at org.testng.internal.TestMethodWorker.invokeTestMethods(TestMethodWorker.java:125)
at org.testng.internal.TestMethodWorker.run(TestMethodWorker.java:109)
at org.testng.TestRunner.privateRun(TestRunner.java:648)
at org.testng.TestRunner.run(TestRunner.java:505)
at org.testng.SuiteRunner.runTest(SuiteRunner.java:455)
at org.testng.SuiteRunner.runSequentially(SuiteRunner.java:450)
at org.testng.SuiteRunner.privateRun(SuiteRunner.java:415)
at org.testng.SuiteRunner.run(SuiteRunner.java:364)
at org.testng.SuiteRunnerWorker.runSuite(SuiteRunnerWorker.java:52)
at org.testng.SuiteRunnerWorker.run(SuiteRunnerWorker.java:84)
at org.testng.TestNG.runSuitesSequentially(TestNG.java:1208)
at org.testng.TestNG.runSuitesLocally(TestNG.java:1137)
at org.testng.TestNG.runSuites(TestNG.java:1049)
at org.testng.TestNG.run(TestNG.java:1017)
at org.testng.remote.AbstractRemoteTestNG.run(AbstractRemoteTestNG.java:114)
at org.testng.remote.RemoteTestNG.initAndRun(RemoteTestNG.java:251)
at org.testng.remote.RemoteTestNG.main(RemoteTestNG.java:77)
]]>
            </full-stacktrace>
          </exception> <!-- org.openqa.selenium.WebDriverException -->
          <reporter-output>
          </reporter-output>
        </test-method> <!-- create_quotation_regression -->
        <test-method status="PASS" signature="tearDown(org.testng.ITestResult)[pri:0, instance:lk.allianz.emotor.testcases.Test_Quotation_Regression@73ad2d6]" name="tearDown" is-config="true" duration-ms="1177" started-at="2018-12-03T05:57:33Z" finished-at="2018-12-03T05:57:34Z">
          <params>
            <param index="0">
              <value>
                <![CDATA[[TestResult name=create_quotation_regression status=FAILURE method=Test_Quotation_Regression.create_quotation_regression()[pri:0, instance:lk.allianz.emotor.testcases.Test_Quotation_Regression@73ad2d6] output={null}]]]>
              </value>
            </param>
          </params>
          <reporter-output>
          </reporter-output>
        </test-method> <!-- tearDown -->
        <test-method status="PASS" signature="init_smoke()[pri:0, instance:lk.allianz.emotor.testcases.Test_Quotation_Regression@73ad2d6]" name="init_smoke" is-config="true" duration-ms="5785" started-at="2018-12-03T05:57:34Z" finished-at="2018-12-03T05:57:40Z">
          <reporter-output>
          </reporter-output>
        </test-method> <!-- init_smoke -->
        <test-method status="PASS" signature="setup()[pri:0, instance:lk.allianz.emotor.testcases.Test_Quotation_Regression@73ad2d6]" name="setup" is-config="true" duration-ms="1" started-at="2018-12-03T05:57:40Z" finished-at="2018-12-03T05:57:40Z">
          <reporter-output>
          </reporter-output>
        </test-method> <!-- setup -->
        <test-method status="FAIL" signature="create_quotation_regression()[pri:0, instance:lk.allianz.emotor.testcases.Test_Quotation_Regression@73ad2d6]" name="create_quotation_regression" duration-ms="105744" started-at="2018-12-03T05:57:40Z" finished-at="2018-12-03T05:59:26Z">
          <exception class="org.openqa.selenium.TimeoutException">
            <message>
              <![CDATA[Expected condition failed: waiting for element to be clickable: By.id: ncd (tried for 30 second(s) with 500 milliseconds interval)
Build info: version: '3.13.0', revision: '2f0d292', time: '2018-06-25T15:24:21.231Z'
System info: host: 'AZ1400BATIGENOS', ip: '10.71.65.164', os.name: 'Windows 7', os.arch: 'amd64', os.version: '6.1', java.version: '1.8.0_101'
Driver info: org.openqa.selenium.chrome.ChromeDriver
Capabilities {acceptInsecureCerts: false, acceptSslCerts: false, applicationCacheEnabled: false, browserConnectionEnabled: false, browserName: chrome, chrome: {chromedriverVersion: 2.43.600210 (68dcf5eebde371..., userDataDir: C:\Users\AUX_AR~1\AppData\L...}, cssSelectorsEnabled: true, databaseEnabled: false, goog:chromeOptions: {debuggerAddress: localhost:55047}, handlesAlerts: true, hasTouchScreen: false, javascriptEnabled: true, locationContextEnabled: true, mobileEmulationEnabled: false, nativeEvents: true, networkConnectionEnabled: false, pageLoadStrategy: normal, platform: XP, platformName: XP, rotatable: false, setWindowRect: true, takesHeapSnapshot: true, takesScreenshot: true, unexpectedAlertBehaviour: , unhandledPromptBehavior: , version: 70.0.3538.110, webStorageEnabled: true}
Session ID: f51cbf66f653316e2112ec31600abecb]]>
            </message>
            <full-stacktrace>
              <![CDATA[org.openqa.selenium.TimeoutException: Expected condition failed: waiting for element to be clickable: By.id: ncd (tried for 30 second(s) with 500 milliseconds interval)
Build info: version: '3.13.0', revision: '2f0d292', time: '2018-06-25T15:24:21.231Z'
System info: host: 'AZ1400BATIGENOS', ip: '10.71.65.164', os.name: 'Windows 7', os.arch: 'amd64', os.version: '6.1', java.version: '1.8.0_101'
Driver info: org.openqa.selenium.chrome.ChromeDriver
Capabilities {acceptInsecureCerts: false, acceptSslCerts: false, applicationCacheEnabled: false, browserConnectionEnabled: false, browserName: chrome, chrome: {chromedriverVersion: 2.43.600210 (68dcf5eebde371..., userDataDir: C:\Users\AUX_AR~1\AppData\L...}, cssSelectorsEnabled: true, databaseEnabled: false, goog:chromeOptions: {debuggerAddress: localhost:55047}, handlesAlerts: true, hasTouchScreen: false, javascriptEnabled: true, locationContextEnabled: true, mobileEmulationEnabled: false, nativeEvents: true, networkConnectionEnabled: false, pageLoadStrategy: normal, platform: XP, platformName: XP, rotatable: false, setWindowRect: true, takesHeapSnapshot: true, takesScreenshot: true, unexpectedAlertBehaviour: , unhandledPromptBehavior: , version: 70.0.3538.110, webStorageEnabled: true}
Session ID: f51cbf66f653316e2112ec31600abecb
at lk.allianz.emotor.base.EmotorBasePage.tearDown(EmotorBasePage.java:106)
at sun.reflect.NativeMethodAccessorImpl.invoke0(Native Method)
at sun.reflect.NativeMethodAccessorImpl.invoke(Unknown Source)
at sun.reflect.DelegatingMethodAccessorImpl.invoke(Unknown Source)
at java.lang.reflect.Method.invoke(Unknown Source)
at org.testng.internal.MethodInvocationHelper.invokeMethod(MethodInvocationHelper.java:124)
at org.testng.internal.MethodInvocationHelper.invokeMethodConsideringTimeout(MethodInvocationHelper.java:59)
at org.testng.internal.Invoker.invokeConfigurationMethod(Invoker.java:455)
at org.testng.internal.Invoker.invokeConfigurations(Invoker.java:222)
at org.testng.internal.Invoker.invokeMethod(Invoker.java:643)
at org.testng.internal.Invoker.invokeTestMethod(Invoker.java:716)
at org.testng.internal.Invoker.invokeTestMethods(Invoker.java:988)
at org.testng.internal.TestMethodWorker.invokeTestMethods(TestMethodWorker.java:125)
at org.testng.internal.TestMethodWorker.run(TestMethodWorker.java:109)
at org.testng.TestRunner.privateRun(TestRunner.java:648)
at org.testng.TestRunner.run(TestRunner.java:505)
at org.testng.SuiteRunner.runTest(SuiteRunner.java:455)
at org.testng.SuiteRunner.runSequentially(SuiteRunner.java:450)
at org.testng.SuiteRunner.privateRun(SuiteRunner.java:415)
at org.testng.SuiteRunner.run(SuiteRunner.java:364)
at org.testng.SuiteRunnerWorker.runSuite(SuiteRunnerWorker.java:52)
at org.testng.SuiteRunnerWorker.run(SuiteRunnerWorker.java:84)
at org.testng.TestNG.runSuitesSequentially(TestNG.java:1208)
at org.testng.TestNG.runSuitesLocally(TestNG.java:1137)
at org.testng.TestNG.runSuites(TestNG.java:1049)
at org.testng.TestNG.run(TestNG.java:1017)
at org.testng.remote.AbstractRemoteTestNG.run(AbstractRemoteTestNG.java:114)
at org.testng.remote.RemoteTestNG.initAndRun(RemoteTestNG.java:251)
at org.testng.remote.RemoteTestNG.main(RemoteTestNG.java:77)
]]>
            </full-stacktrace>
          </exception> <!-- org.openqa.selenium.TimeoutException -->
          <reporter-output>
          </reporter-output>
        </test-method> <!-- create_quotation_regression -->
        <test-method status="PASS" signature="tearDown(org.testng.ITestResult)[pri:0, instance:lk.allianz.emotor.testcases.Test_Quotation_Regression@73ad2d6]" name="tearDown" is-config="true" duration-ms="1162" started-at="2018-12-03T05:59:26Z" finished-at="2018-12-03T05:59:27Z">
          <params>
            <param index="0">
              <value>
                <![CDATA[[TestResult name=create_quotation_regression status=FAILURE method=Test_Quotation_Regression.create_quotation_regression()[pri:0, instance:lk.allianz.emotor.testcases.Test_Quotation_Regression@73ad2d6] output={null}]]]>
              </value>
            </param>
          </params>
          <reporter-output>
          </reporter-output>
        </test-method> <!-- tearDown -->
        <test-method status="PASS" signature="init_smoke()[pri:0, instance:lk.allianz.emotor.testcases.Test_Quotation_Regression@73ad2d6]" name="init_smoke" is-config="true" duration-ms="14421" started-at="2018-12-03T05:59:27Z" finished-at="2018-12-03T05:59:41Z">
          <reporter-output>
          </reporter-output>
        </test-method> <!-- init_smoke -->
        <test-method status="PASS" signature="setup()[pri:0, instance:lk.allianz.emotor.testcases.Test_Quotation_Regression@73ad2d6]" name="setup" is-config="true" duration-ms="1" started-at="2018-12-03T05:59:41Z" finished-at="2018-12-03T05:59:41Z">
          <reporter-output>
          </reporter-output>
        </test-method> <!-- setup -->
        <test-method status="PASS" signature="secondTest()[pri:0, instance:lk.allianz.emotor.testcases.Test_Quotation_Regression@73ad2d6]" name="secondTest" duration-ms="1" started-at="2018-12-03T05:59:41Z" finished-at="2018-12-03T05:59:41Z">
          <reporter-output>
          </reporter-output>
        </test-method> <!-- secondTest -->
        <test-method status="PASS" signature="tearDown(org.testng.ITestResult)[pri:0, instance:lk.allianz.emotor.testcases.Test_Quotation_Regression@73ad2d6]" name="tearDown" is-config="true" duration-ms="696" started-at="2018-12-03T05:59:41Z" finished-at="2018-12-03T05:59:42Z">
          <params>
            <param index="0">
              <value>
                <![CDATA[[TestResult name=secondTest status=SUCCESS method=Test_Quotation_Regression.secondTest()[pri:0, instance:lk.allianz.emotor.testcases.Test_Quotation_Regression@73ad2d6] output={null}]]]>
              </value>
            </param>
          </params>
          <reporter-output>
          </reporter-output>
        </test-method> <!-- tearDown -->
        <test-method status="PASS" signature="AfterSuite()[pri:0, instance:lk.allianz.emotor.testcases.Test_Quotation_Regression@73ad2d6]" name="AfterSuite" is-config="true" duration-ms="223" started-at="2018-12-03T05:59:42Z" finished-at="2018-12-03T05:59:42Z">
          <reporter-output>
          </reporter-output>
        </test-method> <!-- AfterSuite -->
      </class> <!-- lk.allianz.emotor.testcases.Test_Quotation_Regression -->
    </test> <!-- Default test -->
  </suite> <!-- Default suite -->
</testng-results>
